Using pre-set license
Built from '2020.2/release' branch; Version is '2020.2.2f1 (068178b99f32) revision 426360'; Using compiler version '192528614'; Build Type 'Release'
OS: 'Windows 10 Enterprise; OS build 18363.1379; Version 1909; 64bit' Language: 'en' Physical Memory: 32679 MB
BatchMode: 1, IsHumanControllingUs: 0, StartBugReporterOnCrash: 0, Is64bit: 1, IsPro: 0

 COMMAND LINE ARGUMENTS:
C:\Program Files\Unity\Hub\Editor\2020.2.2f1\Editor\Unity.exe
-adb2
-batchMode
-noUpm
-name
AssetImportWorker0
-projectPath
C:/Users/user/workspace/IssueBox/TryMiniToTray
-logFile
Logs/AssetImportWorker0.log
-srvPort
56236
Successfully changed project path to: C:/Users/user/workspace/IssueBox/TryMiniToTray
C:/Users/user/workspace/IssueBox/TryMiniToTray
Using Asset Import Pipeline V2.
Refreshing native plugins compatible for Editor in 22.24 ms, found 0 plugins.
Preloading 0 native plugins for Editor in 0.00 ms.
Initialize engine version: 2020.2.2f1 (068178b99f32)
[Subsystems] Discovering subsystems at path C:/Program Files/Unity/Hub/Editor/2020.2.2f1/Editor/Data/Resources/UnitySubsystems
[Subsystems] Discovering subsystems at path C:/Users/user/workspace/IssueBox/TryMiniToTray/Assets
GfxDevice: creating device client; threaded=0
Direct3D:
    Version:  Direct3D 11.0 [level 11.1]
    Renderer: NVIDIA GeForce RTX 2080 SUPER (ID=0x1e81)
    Vendor:   
    VRAM:     8010 MB
    Driver:   26.21.14.3200
Initialize mono
Mono path[0] = 'C:/Program Files/Unity/Hub/Editor/2020.2.2f1/Editor/Data/Managed'
Mono path[1] = 'C:/Program Files/Unity/Hub/Editor/2020.2.2f1/Editor/Data/MonoBleedingEdge/lib/mono/unityjit'
Mono config path = 'C:/Program Files/Unity/Hub/Editor/2020.2.2f1/Editor/Data/MonoBleedingEdge/etc'
Using monoOptions --debugger-agent=transport=dt_socket,embedding=1,server=y,suspend=n,address=127.0.0.1:56028
Begin MonoManager ReloadAssembly
Registering precompiled unity dll's ...
Register platform support module: C:/Program Files/Unity/Hub/Editor/2020.2.2f1/Editor/Data/PlaybackEngines/WindowsStandaloneSupport/UnityEditor.WindowsStandalone.Extensions.dll
Registered in 0.001536 seconds.
Native extension for WindowsStandalone target not found
Refreshing native plugins compatible for Editor in 21.85 ms, found 0 plugins.
Preloading 0 native plugins for Editor in 0.00 ms.
Invoked RoslynAnalysisRunner static constructor.
RoslynAnalysisRunner will not be running.
RoslynAnalysisRunner has terminated.
Mono: successfully reloaded assembly
- Completed reload, in  1.739 seconds
Platform modules already initialized, skipping
Registering precompiled user dll's ...
Registered in 0.001553 seconds.
Begin MonoManager ReloadAssembly
Native extension for WindowsStandalone target not found
Refreshing native plugins compatible for Editor in 0.27 ms, found 0 plugins.
Preloading 0 native plugins for Editor in 0.00 ms.
Invoked RoslynAnalysisRunner static constructor.
RoslynAnalysisRunner will not be running.
RoslynAnalysisRunner has terminated.
Mono: successfully reloaded assembly
- Completed reload, in  0.756 seconds
Platform modules already initialized, skipping
========================================================================
Worker process is ready to serve import requests
Launched and connected shader compiler UnityShaderCompiler.exe after 0.04 seconds
Refreshing native plugins compatible for Editor in 0.29 ms, found 0 plugins.
Preloading 0 native plugins for Editor in 0.00 ms.
Unloading 1104 Unused Serialized files (Serialized files now loaded: 0)
System memory in use before: 57.1 MB.
System memory in use after: 57.2 MB.

Unloading 12 unused Assets to reduce memory usage. Loaded Objects now: 1544.
Total: 2.324500 ms (FindLiveObjects: 0.198800 ms CreateObjectMapping: 0.055400 ms MarkObjects: 1.938100 ms  DeleteObjects: 0.131300 ms)

========================================================================
Received Import Request.
  path: Assets/UIManager.cs
  artifactKey: Guid(2780511dd5a4d9f4b96933291d190cdf) Importer(815301076,1909f56bfc062723c751e8b465ee728b)
Start importing Assets/UIManager.cs using Guid(2780511dd5a4d9f4b96933291d190cdf) Importer(815301076,1909f56bfc062723c751e8b465ee728b)  -> (artifact id: '92e4139a5671099c1b2cd56b7b5f9ef8') in 0.025750 seconds
  Import took 0.028034 seconds .

========================================================================
Received Prepare
Registering precompiled user dll's ...
Registered in 0.001257 seconds.
Begin MonoManager ReloadAssembly
Native extension for WindowsStandalone target not found
Refreshing native plugins compatible for Editor in 0.27 ms, found 0 plugins.
Preloading 0 native plugins for Editor in 0.00 ms.
Invoked RoslynAnalysisRunner static constructor.
RoslynAnalysisRunner will not be running.
RoslynAnalysisRunner has terminated.
Mono: successfully reloaded assembly
- Completed reload, in  0.665 seconds
Platform modules already initialized, skipping
Refreshing native plugins compatible for Editor in 0.27 ms, found 0 plugins.
Preloading 0 native plugins for Editor in 0.00 ms.
Unloading 1099 Unused Serialized files (Serialized files now loaded: 0)
System memory in use before: 57.2 MB.
System memory in use after: 57.3 MB.

Unloading 7 unused Assets to reduce memory usage. Loaded Objects now: 1546.
Total: 1.761600 ms (FindLiveObjects: 0.184200 ms CreateObjectMapping: 0.030400 ms MarkObjects: 1.490700 ms  DeleteObjects: 0.055000 ms)

========================================================================
Received Prepare
Registering precompiled user dll's ...
Registered in 0.001117 seconds.
Begin MonoManager ReloadAssembly
Native extension for WindowsStandalone target not found
Refreshing native plugins compatible for Editor in 0.27 ms, found 0 plugins.
Preloading 0 native plugins for Editor in 0.00 ms.
Invoked RoslynAnalysisRunner static constructor.
RoslynAnalysisRunner will not be running.
RoslynAnalysisRunner has terminated.
Mono: successfully reloaded assembly
- Completed reload, in  0.686 seconds
Platform modules already initialized, skipping
Refreshing native plugins compatible for Editor in 0.28 ms, found 0 plugins.
Preloading 0 native plugins for Editor in 0.00 ms.
Unloading 1099 Unused Serialized files (Serialized files now loaded: 0)
System memory in use before: 57.4 MB.
System memory in use after: 57.5 MB.

Unloading 7 unused Assets to reduce memory usage. Loaded Objects now: 1548.
Total: 2.785200 ms (FindLiveObjects: 0.395800 ms CreateObjectMapping: 0.042200 ms MarkObjects: 2.230600 ms  DeleteObjects: 0.115000 ms)

========================================================================
Received Prepare
Refreshing native plugins compatible for Editor in 0.99 ms, found 0 plugins.
Preloading 0 native plugins for Editor in 0.00 ms.
Unloading 5 Unused Serialized files (Serialized files now loaded: 0)
System memory in use before: 35.9 MB.
System memory in use after: 36.0 MB.

Unloading 5 unused Assets to reduce memory usage. Loaded Objects now: 1548.
Total: 1.793000 ms (FindLiveObjects: 0.178800 ms CreateObjectMapping: 0.027300 ms MarkObjects: 1.544400 ms  DeleteObjects: 0.041500 ms)

========================================================================
Received Prepare
Registering precompiled user dll's ...
Registered in 0.001179 seconds.
Begin MonoManager ReloadAssembly
Native extension for WindowsStandalone target not found
Refreshing native plugins compatible for Editor in 0.26 ms, found 0 plugins.
Preloading 0 native plugins for Editor in 0.00 ms.
Invoked RoslynAnalysisRunner static constructor.
RoslynAnalysisRunner will not be running.
RoslynAnalysisRunner has terminated.
Mono: successfully reloaded assembly
- Completed reload, in  0.666 seconds
Platform modules already initialized, skipping
Refreshing native plugins compatible for Editor in 0.27 ms, found 0 plugins.
Preloading 0 native plugins for Editor in 0.00 ms.
Unloading 1099 Unused Serialized files (Serialized files now loaded: 0)
System memory in use before: 57.7 MB.
System memory in use after: 57.8 MB.

Unloading 7 unused Assets to reduce memory usage. Loaded Objects now: 1550.
Total: 1.843200 ms (FindLiveObjects: 0.159200 ms CreateObjectMapping: 0.026300 ms MarkObjects: 1.605600 ms  DeleteObjects: 0.051000 ms)

========================================================================
Received Prepare
Refreshing native plugins compatible for Editor in 1.12 ms, found 0 plugins.
Preloading 0 native plugins for Editor in 0.00 ms.
Unloading 5 Unused Serialized files (Serialized files now loaded: 0)
System memory in use before: 36.2 MB.
System memory in use after: 36.3 MB.

Unloading 5 unused Assets to reduce memory usage. Loaded Objects now: 1550.
Total: 1.840000 ms (FindLiveObjects: 0.183000 ms CreateObjectMapping: 0.031500 ms MarkObjects: 1.582800 ms  DeleteObjects: 0.042100 ms)

========================================================================
Received Prepare
Registering precompiled user dll's ...
Registered in 0.001201 seconds.
Begin MonoManager ReloadAssembly
Native extension for WindowsStandalone target not found
Refreshing native plugins compatible for Editor in 0.26 ms, found 0 plugins.
Preloading 0 native plugins for Editor in 0.00 ms.
Invoked RoslynAnalysisRunner static constructor.
RoslynAnalysisRunner will not be running.
RoslynAnalysisRunner has terminated.
Mono: successfully reloaded assembly
- Completed reload, in  0.661 seconds
Platform modules already initialized, skipping
Refreshing native plugins compatible for Editor in 0.27 ms, found 0 plugins.
Preloading 0 native plugins for Editor in 0.00 ms.
Unloading 1099 Unused Serialized files (Serialized files now loaded: 0)
System memory in use before: 57.9 MB.
System memory in use after: 58.0 MB.

Unloading 7 unused Assets to reduce memory usage. Loaded Objects now: 1552.
Total: 1.905400 ms (FindLiveObjects: 0.184400 ms CreateObjectMapping: 0.030300 ms MarkObjects: 1.642500 ms  DeleteObjects: 0.046600 ms)

========================================================================
Received Prepare
Refreshing native plugins compatible for Editor in 1.14 ms, found 0 plugins.
Preloading 0 native plugins for Editor in 0.00 ms.
Unloading 5 Unused Serialized files (Serialized files now loaded: 0)
System memory in use before: 36.5 MB.
System memory in use after: 36.6 MB.

Unloading 5 unused Assets to reduce memory usage. Loaded Objects now: 1552.
Total: 1.760700 ms (FindLiveObjects: 0.179600 ms CreateObjectMapping: 0.028000 ms MarkObjects: 1.510100 ms  DeleteObjects: 0.042200 ms)

========================================================================
Received Prepare
Registering precompiled user dll's ...
Registered in 0.001245 seconds.
Begin MonoManager ReloadAssembly
Native extension for WindowsStandalone target not found
Refreshing native plugins compatible for Editor in 0.28 ms, found 0 plugins.
Preloading 0 native plugins for Editor in 0.00 ms.
Invoked RoslynAnalysisRunner static constructor.
RoslynAnalysisRunner will not be running.
RoslynAnalysisRunner has terminated.
Mono: successfully reloaded assembly
- Completed reload, in  0.696 seconds
Platform modules already initialized, skipping
Refreshing native plugins compatible for Editor in 0.29 ms, found 0 plugins.
Preloading 0 native plugins for Editor in 0.00 ms.
Unloading 1099 Unused Serialized files (Serialized files now loaded: 0)
System memory in use before: 58.4 MB.
System memory in use after: 58.5 MB.

Unloading 7 unused Assets to reduce memory usage. Loaded Objects now: 1554.
Total: 2.246200 ms (FindLiveObjects: 0.241900 ms CreateObjectMapping: 0.036700 ms MarkObjects: 1.907100 ms  DeleteObjects: 0.059100 ms)

========================================================================
Received Prepare
Refreshing native plugins compatible for Editor in 1.07 ms, found 0 plugins.
Preloading 0 native plugins for Editor in 0.00 ms.
Unloading 5 Unused Serialized files (Serialized files now loaded: 0)
System memory in use before: 36.9 MB.
System memory in use after: 37.0 MB.

Unloading 5 unused Assets to reduce memory usage. Loaded Objects now: 1554.
Total: 1.931900 ms (FindLiveObjects: 0.284500 ms CreateObjectMapping: 0.034400 ms MarkObjects: 1.559600 ms  DeleteObjects: 0.052500 ms)

========================================================================
Received Prepare
Registering precompiled user dll's ...
Registered in 0.001148 seconds.
Begin MonoManager ReloadAssembly
Native extension for WindowsStandalone target not found
Refreshing native plugins compatible for Editor in 0.25 ms, found 0 plugins.
Preloading 0 native plugins for Editor in 0.00 ms.
Invoked RoslynAnalysisRunner static constructor.
RoslynAnalysisRunner will not be running.
RoslynAnalysisRunner has terminated.
Mono: successfully reloaded assembly
- Completed reload, in  0.668 seconds
Platform modules already initialized, skipping
Refreshing native plugins compatible for Editor in 0.27 ms, found 0 plugins.
Preloading 0 native plugins for Editor in 0.00 ms.
Unloading 1099 Unused Serialized files (Serialized files now loaded: 0)
System memory in use before: 58.7 MB.
System memory in use after: 58.8 MB.

Unloading 7 unused Assets to reduce memory usage. Loaded Objects now: 1556.
Total: 1.965600 ms (FindLiveObjects: 0.164100 ms CreateObjectMapping: 0.029600 ms MarkObjects: 1.722200 ms  DeleteObjects: 0.048300 ms)

========================================================================
Received Prepare
Refreshing native plugins compatible for Editor in 1.16 ms, found 0 plugins.
Preloading 0 native plugins for Editor in 0.00 ms.
Unloading 5 Unused Serialized files (Serialized files now loaded: 0)
System memory in use before: 37.2 MB.
System memory in use after: 37.3 MB.

Unloading 5 unused Assets to reduce memory usage. Loaded Objects now: 1556.
Total: 2.097900 ms (FindLiveObjects: 0.177400 ms CreateObjectMapping: 0.031900 ms MarkObjects: 1.838900 ms  DeleteObjects: 0.048700 ms)

========================================================================
Received Prepare
Registering precompiled user dll's ...
Registered in 0.001238 seconds.
Begin MonoManager ReloadAssembly
Native extension for WindowsStandalone target not found
Refreshing native plugins compatible for Editor in 0.28 ms, found 0 plugins.
Preloading 0 native plugins for Editor in 0.00 ms.
Invoked RoslynAnalysisRunner static constructor.
RoslynAnalysisRunner will not be running.
RoslynAnalysisRunner has terminated.
Mono: successfully reloaded assembly
- Completed reload, in  0.697 seconds
Platform modules already initialized, skipping
Refreshing native plugins compatible for Editor in 0.29 ms, found 0 plugins.
Preloading 0 native plugins for Editor in 0.00 ms.
Unloading 1099 Unused Serialized files (Serialized files now loaded: 0)
System memory in use before: 58.9 MB.
System memory in use after: 59.0 MB.

Unloading 7 unused Assets to reduce memory usage. Loaded Objects now: 1558.
Total: 1.724100 ms (FindLiveObjects: 0.160400 ms CreateObjectMapping: 0.030500 ms MarkObjects: 1.484900 ms  DeleteObjects: 0.047000 ms)

========================================================================
Received Import Request.
  Time since last request: 1457.413161 seconds.
  path: Assets/UIManager.cs
  artifactKey: Guid(2780511dd5a4d9f4b96933291d190cdf) Importer(815301076,1909f56bfc062723c751e8b465ee728b)
Start importing Assets/UIManager.cs using Guid(2780511dd5a4d9f4b96933291d190cdf) Importer(815301076,1909f56bfc062723c751e8b465ee728b)  -> (artifact id: 'cee8f89f663a8a60dd3f74f423df43c2') in 0.009114 seconds
  Import took 0.011526 seconds .

========================================================================
Received Import Request.
  Time since last request: 3.130256 seconds.
  path: Assets/AppTaskIconController.cs
  artifactKey: Guid(2780511dd5a4d9f4b96933291d190cdf) Importer(815301076,1909f56bfc062723c751e8b465ee728b)
Start importing Assets/AppTaskIconController.cs using Guid(2780511dd5a4d9f4b96933291d190cdf) Importer(815301076,1909f56bfc062723c751e8b465ee728b)  -> (artifact id: 'ce79d7e55d41e0f1acc4866bbb9125f2') in 0.007221 seconds
  Import took 0.009760 seconds .

========================================================================
Received Prepare
Registering precompiled user dll's ...
Registered in 0.001336 seconds.
Begin MonoManager ReloadAssembly
Native extension for WindowsStandalone target not found
Refreshing native plugins compatible for Editor in 0.27 ms, found 0 plugins.
Preloading 0 native plugins for Editor in 0.00 ms.
Invoked RoslynAnalysisRunner static constructor.
RoslynAnalysisRunner will not be running.
RoslynAnalysisRunner has terminated.
Mono: successfully reloaded assembly
- Completed reload, in  0.717 seconds
Platform modules already initialized, skipping
Refreshing native plugins compatible for Editor in 0.30 ms, found 0 plugins.
Preloading 0 native plugins for Editor in 0.00 ms.
Unloading 1099 Unused Serialized files (Serialized files now loaded: 0)
System memory in use before: 58.2 MB.
System memory in use after: 58.3 MB.

Unloading 7 unused Assets to reduce memory usage. Loaded Objects now: 1560.
Total: 1.800800 ms (FindLiveObjects: 0.181600 ms CreateObjectMapping: 0.029800 ms MarkObjects: 1.542300 ms  DeleteObjects: 0.046400 ms)

========================================================================
Received Import Request.
  Time since last request: 15.224765 seconds.
  path: Assets/TrayForm.cs
  artifactKey: Guid(418bb4dfe91c2234992cde3066f00df8) Importer(815301076,1909f56bfc062723c751e8b465ee728b)
Start importing Assets/TrayForm.cs using Guid(418bb4dfe91c2234992cde3066f00df8) Importer(815301076,1909f56bfc062723c751e8b465ee728b)  -> (artifact id: 'ad4eac53ad0dad3a1c9383e81122c659') in 0.011260 seconds
  Import took 0.013681 seconds .

========================================================================
Received Import Request.
  Time since last request: 0.021188 seconds.
  path: Assets/TrayForm.cs
  artifactKey: Guid(418bb4dfe91c2234992cde3066f00df8) Importer(815301076,1909f56bfc062723c751e8b465ee728b)
Start importing Assets/TrayForm.cs using Guid(418bb4dfe91c2234992cde3066f00df8) Importer(815301076,1909f56bfc062723c751e8b465ee728b)  -> (artifact id: 'ad4eac53ad0dad3a1c9383e81122c659') in 0.003599 seconds
  Import took 0.005767 seconds .

========================================================================
Received Import Request.
  Time since last request: 36.074181 seconds.
  path: Assets/TaskIconController.cs
  artifactKey: Guid(2780511dd5a4d9f4b96933291d190cdf) Importer(815301076,1909f56bfc062723c751e8b465ee728b)
Start importing Assets/TaskIconController.cs using Guid(2780511dd5a4d9f4b96933291d190cdf) Importer(815301076,1909f56bfc062723c751e8b465ee728b)  -> (artifact id: '40b57a05ffe907191a75b306e3ec22dd') in 0.040204 seconds
  Import took 0.131566 seconds .

========================================================================
Received Prepare
Registering precompiled user dll's ...
Registered in 0.002743 seconds.
Begin MonoManager ReloadAssembly
Native extension for WindowsStandalone target not found
Refreshing native plugins compatible for Editor in 0.59 ms, found 0 plugins.
Preloading 0 native plugins for Editor in 0.00 ms.
Invoked RoslynAnalysisRunner static constructor.
RoslynAnalysisRunner will not be running.
RoslynAnalysisRunner has terminated.
Mono: successfully reloaded assembly
- Completed reload, in  2.681 seconds
Platform modules already initialized, skipping
Refreshing native plugins compatible for Editor in 1.15 ms, found 0 plugins.
Preloading 0 native plugins for Editor in 0.00 ms.
Unloading 1099 Unused Serialized files (Serialized files now loaded: 0)
System memory in use before: 58.4 MB.
System memory in use after: 58.5 MB.

Unloading 7 unused Assets to reduce memory usage. Loaded Objects now: 1562.
Total: 6.640900 ms (FindLiveObjects: 0.899500 ms CreateObjectMapping: 0.075500 ms MarkObjects: 5.399100 ms  DeleteObjects: 0.262500 ms)

========================================================================
Received Prepare
Registering precompiled user dll's ...
Registered in 0.001263 seconds.
Begin MonoManager ReloadAssembly
Native extension for WindowsStandalone target not found
Refreshing native plugins compatible for Editor in 0.27 ms, found 0 plugins.
Preloading 0 native plugins for Editor in 0.00 ms.
Invoked RoslynAnalysisRunner static constructor.
RoslynAnalysisRunner will not be running.
RoslynAnalysisRunner has terminated.
Mono: successfully reloaded assembly
- Completed reload, in  0.712 seconds
Platform modules already initialized, skipping
Refreshing native plugins compatible for Editor in 0.32 ms, found 0 plugins.
Preloading 0 native plugins for Editor in 0.00 ms.
Unloading 1099 Unused Serialized files (Serialized files now loaded: 0)
System memory in use before: 58.6 MB.
System memory in use after: 58.6 MB.

Unloading 7 unused Assets to reduce memory usage. Loaded Objects now: 1564.
Total: 1.737100 ms (FindLiveObjects: 0.242100 ms CreateObjectMapping: 0.036200 ms MarkObjects: 1.405400 ms  DeleteObjects: 0.052200 ms)

========================================================================
Received Import Request.
  Time since last request: 22.473772 seconds.
  path: Assets/TaskIconController.cs
  artifactKey: Guid(2780511dd5a4d9f4b96933291d190cdf) Importer(815301076,1909f56bfc062723c751e8b465ee728b)
Start importing Assets/TaskIconController.cs using Guid(2780511dd5a4d9f4b96933291d190cdf) Importer(815301076,1909f56bfc062723c751e8b465ee728b)  -> (artifact id: '8f47fb6e5e65a267350f7c61136977c5') in 0.007305 seconds
  Import took 0.010231 seconds .

========================================================================
Received Import Request.
  Time since last request: 0.865881 seconds.
  path: Assets/WinAppMiniController.cs
  artifactKey: Guid(8735982683b3c0542b6a2c859fdc189a) Importer(815301076,1909f56bfc062723c751e8b465ee728b)
Start importing Assets/WinAppMiniController.cs using Guid(8735982683b3c0542b6a2c859fdc189a) Importer(815301076,1909f56bfc062723c751e8b465ee728b)  -> (artifact id: '97838fcbdd01ad89e010f1773e435b81') in 0.009518 seconds
  Import took 0.012432 seconds .

========================================================================
Received Import Request.
  Time since last request: 156.019103 seconds.
  path: Assets/WinAppMiniController.cs
  artifactKey: Guid(8735982683b3c0542b6a2c859fdc189a) Importer(815301076,1909f56bfc062723c751e8b465ee728b)
Start importing Assets/WinAppMiniController.cs using Guid(8735982683b3c0542b6a2c859fdc189a) Importer(815301076,1909f56bfc062723c751e8b465ee728b)  -> (artifact id: '5e1781e7c0288ae828ecad3d28acf139') in 0.006048 seconds
  Import took 0.010160 seconds .

========================================================================
Received Import Request.
  Time since last request: 2.845869 seconds.
  path: Assets/AppWindowController.cs
  artifactKey: Guid(8735982683b3c0542b6a2c859fdc189a) Importer(815301076,1909f56bfc062723c751e8b465ee728b)
Start importing Assets/AppWindowController.cs using Guid(8735982683b3c0542b6a2c859fdc189a) Importer(815301076,1909f56bfc062723c751e8b465ee728b)  -> (artifact id: '990fcd54e4301197488ff3918864e255') in 0.007811 seconds
  Import took 0.010362 seconds .

========================================================================
Received Prepare
Registering precompiled user dll's ...
Registered in 0.001394 seconds.
Begin MonoManager ReloadAssembly
Native extension for WindowsStandalone target not found
Refreshing native plugins compatible for Editor in 0.26 ms, found 0 plugins.
Preloading 0 native plugins for Editor in 0.00 ms.
Invoked RoslynAnalysisRunner static constructor.
RoslynAnalysisRunner will not be running.
RoslynAnalysisRunner has terminated.
Mono: successfully reloaded assembly
- Completed reload, in  0.662 seconds
Platform modules already initialized, skipping
Refreshing native plugins compatible for Editor in 0.30 ms, found 0 plugins.
Preloading 0 native plugins for Editor in 0.00 ms.
Unloading 1099 Unused Serialized files (Serialized files now loaded: 0)
System memory in use before: 58.7 MB.
System memory in use after: 58.8 MB.

Unloading 7 unused Assets to reduce memory usage. Loaded Objects now: 1566.
Total: 1.689400 ms (FindLiveObjects: 0.157500 ms CreateObjectMapping: 0.028800 ms MarkObjects: 1.451900 ms  DeleteObjects: 0.050100 ms)

========================================================================
Received Prepare
Refreshing native plugins compatible for Editor in 1.16 ms, found 0 plugins.
Preloading 0 native plugins for Editor in 0.00 ms.
Unloading 5 Unused Serialized files (Serialized files now loaded: 0)
System memory in use before: 37.2 MB.
System memory in use after: 37.3 MB.

Unloading 5 unused Assets to reduce memory usage. Loaded Objects now: 1566.
Total: 1.870400 ms (FindLiveObjects: 0.214300 ms CreateObjectMapping: 0.033700 ms MarkObjects: 1.558600 ms  DeleteObjects: 0.061900 ms)

========================================================================
Received Prepare
Registering precompiled user dll's ...
Registered in 0.001229 seconds.
Begin MonoManager ReloadAssembly
Native extension for WindowsStandalone target not found
Refreshing native plugins compatible for Editor in 0.26 ms, found 0 plugins.
Preloading 0 native plugins for Editor in 0.00 ms.
Invoked RoslynAnalysisRunner static constructor.
RoslynAnalysisRunner will not be running.
RoslynAnalysisRunner has terminated.
Mono: successfully reloaded assembly
- Completed reload, in  0.659 seconds
Platform modules already initialized, skipping
Refreshing native plugins compatible for Editor in 0.26 ms, found 0 plugins.
Preloading 0 native plugins for Editor in 0.00 ms.
Unloading 1099 Unused Serialized files (Serialized files now loaded: 0)
System memory in use before: 59.0 MB.
System memory in use after: 59.0 MB.

Unloading 7 unused Assets to reduce memory usage. Loaded Objects now: 1568.
Total: 1.642400 ms (FindLiveObjects: 0.174400 ms CreateObjectMapping: 0.030300 ms MarkObjects: 1.392700 ms  DeleteObjects: 0.044200 ms)

========================================================================
Received Prepare
Refreshing native plugins compatible for Editor in 1.08 ms, found 0 plugins.
Preloading 0 native plugins for Editor in 0.00 ms.
Unloading 5 Unused Serialized files (Serialized files now loaded: 0)
System memory in use before: 36.5 MB.
System memory in use after: 36.6 MB.

Unloading 5 unused Assets to reduce memory usage. Loaded Objects now: 1568.
Total: 2.058800 ms (FindLiveObjects: 0.174400 ms CreateObjectMapping: 0.025900 ms MarkObjects: 1.812800 ms  DeleteObjects: 0.044800 ms)

AssetImportWorkerClient::OnTransportError - code=2 error=End of file
